#
# A fatal error has been detected by the Java Runtime Environment:
#
#  EXCEPTION_ACCESS_VIOLATION (0xc0000005) at pc=0x000000005e099dea, pid=11648, tid=8736
#
# JRE version: Java(TM) SE Runtime Environment (8.0_65-b17) (build 1.8.0_65-b17)
# Java VM: Java HotSpot(TM) 64-Bit Server VM (25.65-b01 mixed mode windows-amd64 compressed oops)
# Problematic frame:
# V  [jvm.dll+0x479dea]
#
# Failed to write core dump. Minidumps are not enabled by default on client versions of Windows
#
# If you would like to submit a bug report, please visit:
#   http://bugreport.java.com/bugreport/crash.jsp
#

---------------  T H R E A D  ---------------

Current thread (0x000000000699d000):  JavaThread "C2 CompilerThread1" daemon [_thread_in_native, id=8736, stack(0x0000000008370000,0x0000000008470000)]

siginfo: ExceptionCode=0xc0000005, reading address 0x00000000bbd45fe8

Registers:
RAX=0x0000000000000035, RBX=0x0000000000000010, RCX=0x0000000000000000, RDX=0x000000000dced020
RSP=0x000000000846b710, RBP=0x000000000dced020, RSI=0x0000000000000000, RDI=0x0000000000000000
R8 =0x0000000000000000, R9 =0x000000000dced0c0, R10=0x000000000000004f, R11=0x000000000dced020
R12=0x000000000dce0050, R13=0x000000001eba52e0, R14=0x00000000bbd45fd0, R15=0x0000000000000018
RIP=0x000000005e099dea, EFLAGS=0x0000000000010202

Top of Stack: (sp=0x000000000846b710)
0x000000000846b710:   0000000000000010 0000000000000000
0x000000000846b720:   0000000000000002 000000001eba52e0
0x000000000846b730:   0000000000000298 000000001eb93e90
0x000000000846b740:   0000000000315168 000000001eba52c0
0x000000000846b750:   000000001eba52e0 000000001eba52c0
0x000000000846b760:   00000000057d3cf0 000000005e28cda8
0x000000000846b770:   00000000057d3cf0 0000000000000400
0x000000000846b780:   000000001efb7070 0000000000000001
0x000000000846b790:   0000000000000001 00000000057d3cf0
0x000000000846b7a0:   0000000000000000 000000001f132920
0x000000000846b7b0:   00000000057d3cf0 000000000846bc00
0x000000000846b7c0:   0000000000000000 000000000846b8e0
0x000000000846b7d0:   000000000846bc20 000000005e0dc9bf
0x000000000846b7e0:   000000000846bc00 0000000000000aa0
0x000000000846b7f0:   000000000dce0050 000000000dced020
0x000000000846b800:   000000001f132970 000000001f13a908 

Instructions: (pc=0x000000005e099dea)
0x000000005e099dca:   8d 2c 92 48 c1 e5 04 49 03 ec 48 ff ca 48 89 54
0x000000005e099dda:   24 20 48 89 ac 24 e8 00 00 00 4c 8b 75 00 8b fe
0x000000005e099dea:   41 83 7e 18 00 0f 86 b6 00 00 00 48 8b de 0f 1f
0x000000005e099dfa:   84 00 00 00 00 00 49 8b 46 08 48 8b 0c 03 48 85 


Register to memory mapping:

RAX=0x0000000000000035 is an unknown value
RBX=0x0000000000000010 is an unknown value
RCX=0x0000000000000000 is an unknown value
RDX=0x000000000dced020 is an unknown value
RSP=0x000000000846b710 is pointing into the stack for thread: 0x000000000699d000
RBP=0x000000000dced020 is an unknown value
RSI=0x0000000000000000 is an unknown value
RDI=0x0000000000000000 is an unknown value
R8 =0x0000000000000000 is an unknown value
R9 =0x000000000dced0c0 is an unknown value
R10=0x000000000000004f is an unknown value
R11=0x000000000dced020 is an unknown value
R12=0x000000000dce0050 is an unknown value
R13=0x000000001eba52e0 is an unknown value
R14=0x00000000bbd45fd0 is an unknown value
R15=0x0000000000000018 is an unknown value


Stack: [0x0000000008370000,0x0000000008470000],  sp=0x000000000846b710,  free space=1005k
Native frames: (J=compiled Java code, j=interpreted, Vv=VM code, C=native code)
V  [jvm.dll+0x479dea]
V  [jvm.dll+0x4bc9bf]
V  [jvm.dll+0x46ed71]
V  [jvm.dll+0x46faae]
V  [jvm.dll+0x452cc2]
V  [jvm.dll+0xa4672]
V  [jvm.dll+0xa4faf]
V  [jvm.dll+0x243144]
V  [jvm.dll+0x299f7a]
C  [msvcr100.dll+0x21d9f]
C  [msvcr100.dll+0x21e3b]
C  [kernel32.dll+0x159cd]
C  [ntdll.dll+0x2b891]


Current CompileTask:
C2:  25870 3662       4       com.google.gwt.dev.asm.ClassReader::accept (966 bytes)


---------------  P R O C E S S  ---------------

Java Threads: ( => current thread )
  0x00000000090b2800 JavaThread "Code server for doagain from Mozilla/5.0 (Windows NT 6.1; WOW64; rv:24.0) Gecko/20100101 Firefox/24.0 on http://127.0.0.1:59496/DoAgain.html?gwt.codesvr=127.0.0.1:59490 @ ];QKkEYA;UqCzF^t" daemon [_thread_in_Java, id=11576, stack(0x000000000aca0000,0x000000000ada0000)]
  0x00000000090b2000 JavaThread "qtp1213349904-31" [_thread_blocked, id=8036, stack(0x000000000e270000,0x000000000e370000)]
  0x00000000090b1000 JavaThread "qtp1213349904-30" [_thread_blocked, id=9408, stack(0x000000000e370000,0x000000000e470000)]
  0x00000000090b0800 JavaThread "qtp1213349904-29" [_thread_blocked, id=11944, stack(0x000000000e170000,0x000000000e270000)]
  0x00000000090af800 JavaThread "qtp1213349904-28" [_thread_blocked, id=10392, stack(0x000000000dfb0000,0x000000000e0b0000)]
  0x00000000090af000 JavaThread "qtp1213349904-27 Acceptor1 SelectChannelConnector@127.0.0.1:59496" [_thread_blocked, id=10916, stack(0x000000000de40000,0x000000000df40000)]
  0x00000000090ae000 JavaThread "qtp1213349904-26 Acceptor0 SelectChannelConnector@127.0.0.1:59496" [_thread_in_native, id=10456, stack(0x000000000dbe0000,0x000000000dce0000)]
  0x00000000090ad800 JavaThread "qtp1213349904-25 Selector1" [_thread_in_native, id=9712, stack(0x000000000daa0000,0x000000000dba0000)]
  0x00000000090ac800 JavaThread "qtp1213349904-24 Selector0" [_thread_in_native, id=6652, stack(0x000000000d870000,0x000000000d970000)]
  0x00000000090ac000 JavaThread "HashSessionScavenger-0" daemon [_thread_blocked, id=10076, stack(0x000000000c640000,0x000000000c740000)]
  0x00000000090aa800 JavaThread "GC Daemon" daemon [_thread_blocked, id=10448, stack(0x000000000b0c0000,0x000000000b1c0000)]
  0x0000000008d48000 JavaThread "Code server listener" daemon [_thread_in_native, id=6232, stack(0x0000000009590000,0x0000000009690000)]
  0x0000000009109000 JavaThread "pool-1-thread-1" [_thread_blocked, id=13256, stack(0x00000000098d0000,0x00000000099d0000)]
  0x0000000008ae9000 JavaThread "Thread-2" daemon [_thread_blocked, id=4844, stack(0x0000000009790000,0x0000000009890000)]
  0x0000000008a8f000 JavaThread "Thread-1" [_thread_in_native, id=11596, stack(0x00000000091e0000,0x00000000092e0000)]
  0x0000000006a33000 JavaThread "Service Thread" daemon [_thread_blocked, id=12360, stack(0x00000000086c0000,0x00000000087c0000)]
  0x00000000069be000 JavaThread "C1 CompilerThread3" daemon [_thread_in_native, id=12548, stack(0x0000000008540000,0x0000000008640000)]
  0x00000000069a4000 JavaThread "C2 CompilerThread2" daemon [_thread_in_native, id=5312, stack(0x0000000007b60000,0x0000000007c60000)]
=>0x000000000699d000 JavaThread "C2 CompilerThread1" daemon [_thread_in_native, id=8736, stack(0x0000000008370000,0x0000000008470000)]
  0x0000000006997800 JavaThread "C2 CompilerThread0" daemon [_thread_in_native, id=12952, stack(0x0000000008180000,0x0000000008280000)]
  0x0000000006994000 JavaThread "Attach Listener" daemon [_thread_blocked, id=8468, stack(0x0000000007f60000,0x0000000008060000)]
  0x00000000057df800 JavaThread "Signal Dispatcher" daemon [_thread_blocked, id=10808, stack(0x0000000007e30000,0x0000000007f30000)]
  0x00000000057d0800 JavaThread "Finalizer" daemon [_thread_blocked, id=12504, stack(0x0000000007c60000,0x0000000007d60000)]
  0x00000000057ca000 JavaThread "Reference Handler" daemon [_thread_blocked, id=10472, stack(0x0000000007a40000,0x0000000007b40000)]
  0x00000000028ee800 JavaThread "main" [_thread_blocked, id=6696, stack(0x00000000029a0000,0x0000000002aa0000)]

Other Threads:
  0x0000000006943000 VMThread [stack: 0x0000000007930000,0x0000000007a30000] [id=9732]
  0x0000000006a3e000 WatcherThread [stack: 0x0000000008870000,0x0000000008970000] [id=9552]

VM state:not at safepoint (normal execution)

VM Mutex/Monitor currently owned by a thread: None

Heap:
 PSYoungGen      total 164352K, used 64362K [0x00000000f5580000, 0x0000000100000000, 0x0000000100000000)
  eden space 154112K, 35% used [0x00000000f5580000,0x00000000f8a5e7e0,0x00000000fec00000)
  from space 10240K, 99% used [0x00000000fec00000,0x00000000ff5fc090,0x00000000ff600000)
  to   space 10240K, 0% used [0x00000000ff600000,0x00000000ff600000,0x0000000100000000)
 ParOldGen       total 181248K, used 78276K [0x00000000e0000000, 0x00000000eb100000, 0x00000000f5580000)
  object space 181248K, 43% used [0x00000000e0000000,0x00000000e4c712f0,0x00000000eb100000)
 Metaspace       used 27186K, capacity 27832K, committed 27904K, reserved 1073152K
  class space    used 3179K, capacity 3320K, committed 3328K, reserved 1048576K

Card table byte_map: [0x0000000003130000,0x0000000003240000] byte_map_base: 0x0000000002a30000

Marking Bits: (ParMarkBitMap*) 0x000000005e42a5b0
 Begin Bits: [0x0000000003de0000, 0x00000000045e0000)
 End Bits:   [0x00000000045e0000, 0x0000000004de0000)

Polling page: 0x0000000000160000

CodeCache: size=245760Kb used=10483Kb max_used=10483Kb free=235276Kb
 bounds [0x000000000f010000, 0x000000000fa60000, 0x000000001e010000]
 total_blobs=3683 nmethods=3262 adapters=330
 compilation: enabled

Compilation events (10 events):
Event: 25.801 Thread 0x00000000069be000 3850       2       java.lang.Long::getChars (221 bytes)
Event: 25.805 Thread 0x00000000069be000 nmethod 3850 0x000000000fa3d750 code [0x000000000fa3d900, 0x000000000fa3de30]
Event: 25.805 Thread 0x00000000069be000 3843       1       com.google.gwt.dev.js.ast.JsIf::getIfExpr (5 bytes)
Event: 25.805 Thread 0x00000000069be000 nmethod 3843 0x000000000fa3e5d0 code [0x000000000fa3e720, 0x000000000fa3e830]
Event: 25.805 Thread 0x00000000069be000 3844       1       com.google.gwt.dev.js.ast.JsIf::getThenStmt (5 bytes)
Event: 25.805 Thread 0x00000000069be000 nmethod 3844 0x000000000fa3e890 code [0x000000000fa3e9e0, 0x000000000fa3eaf0]
Event: 25.806 Thread 0x00000000069be000 3846       1       com.google.gwt.dev.js.ast.JsIf::getElseStmt (5 bytes)
Event: 25.806 Thread 0x00000000069be000 nmethod 3846 0x000000000fa3eb50 code [0x000000000fa3eca0, 0x000000000fa3edb0]
Event: 25.806 Thread 0x00000000069be000 3851       1       com.google.gwt.dev.js.ast.JsUnaryOperation::getArg (5 bytes)
Event: 25.806 Thread 0x00000000069be000 nmethod 3851 0x000000000fa3ee10 code [0x000000000fa3ef60, 0x000000000fa3f070]

GC Heap History (10 events):
Event: 3.505 GC heap before
{Heap before GC invocations=3 (full 1):
 PSYoungGen      total 139264K, used 10211K [0x00000000f5580000, 0x00000000fe780000, 0x0000000100000000)
  eden space 129024K, 0% used [0x00000000f5580000,0x00000000f5580000,0x00000000fd380000)
  from space 10240K, 99% used [0x00000000fdd80000,0x00000000fe778eb0,0x00000000fe780000)
  to   space 10240K, 0% used [0x00000000fd380000,0x00000000fd380000,0x00000000fdd80000)
 ParOldGen       total 171008K, used 24173K [0x00000000e0000000, 0x00000000ea700000, 0x00000000f5580000)
  object space 171008K, 14% used [0x00000000e0000000,0x00000000e179b550,0x00000000ea700000)
 Metaspace       used 13426K, capacity 13764K, committed 13824K, reserved 1060864K
  class space    used 1647K, capacity 1754K, committed 1792K, reserved 1048576K
Event: 4.035 GC heap after
Heap after GC invocations=3 (full 1):
 PSYoungGen      total 139264K, used 0K [0x00000000f5580000, 0x00000000fe780000, 0x0000000100000000)
  eden space 129024K, 0% used [0x00000000f5580000,0x00000000f5580000,0x00000000fd380000)
  from space 10240K, 0% used [0x00000000fdd80000,0x00000000fdd80000,0x00000000fe780000)
  to   space 10240K, 0% used [0x00000000fd380000,0x00000000fd380000,0x00000000fdd80000)
 ParOldGen       total 171008K, used 32000K [0x00000000e0000000, 0x00000000ea700000, 0x00000000f5580000)
  object space 171008K, 18% used [0x00000000e0000000,0x00000000e1f40030,0x00000000ea700000)
 Metaspace       used 13426K, capacity 13764K, committed 13824K, reserved 1060864K
  class space    used 1647K, capacity 1754K, committed 1792K, reserved 1048576K
}
Event: 18.041 GC heap before
{Heap before GC invocations=4 (full 1):
 PSYoungGen      total 139264K, used 129024K [0x00000000f5580000, 0x00000000fe780000, 0x0000000100000000)
  eden space 129024K, 100% used [0x00000000f5580000,0x00000000fd380000,0x00000000fd380000)
  from space 10240K, 0% used [0x00000000fdd80000,0x00000000fdd80000,0x00000000fe780000)
  to   space 10240K, 0% used [0x00000000fd380000,0x00000000fd380000,0x00000000fdd80000)
 ParOldGen       total 171008K, used 32000K [0x00000000e0000000, 0x00000000ea700000, 0x00000000f5580000)
  object space 171008K, 18% used [0x00000000e0000000,0x00000000e1f40030,0x00000000ea700000)
 Metaspace       used 19658K, capacity 20090K, committed 20480K, reserved 1067008K
  class space    used 2336K, capacity 2445K, committed 2560K, reserved 1048576K
Event: 18.098 GC heap after
Heap after GC invocations=4 (full 1):
 PSYoungGen      total 139264K, used 10215K [0x00000000f5580000, 0x0000000100000000, 0x0000000100000000)
  eden space 129024K, 0% used [0x00000000f5580000,0x00000000f5580000,0x00000000fd380000)
  from space 10240K, 99% used [0x00000000fd380000,0x00000000fdd79e20,0x00000000fdd80000)
  to   space 10240K, 0% used [0x00000000ff600000,0x00000000ff600000,0x0000000100000000)
 ParOldGen       total 171008K, used 52375K [0x00000000e0000000, 0x00000000ea700000, 0x00000000f5580000)
  object space 171008K, 30% used [0x00000000e0000000,0x00000000e3325e50,0x00000000ea700000)
 Metaspace       used 19658K, capacity 20090K, committed 20480K, reserved 1067008K
  class space    used 2336K, capacity 2445K, committed 2560K, reserved 1048576K
}
Event: 21.919 GC heap before
{Heap before GC invocations=5 (full 1):
 PSYoungGen      total 139264K, used 90766K [0x00000000f5580000, 0x0000000100000000, 0x0000000100000000)
  eden space 129024K, 62% used [0x00000000f5580000,0x00000000fa429d00,0x00000000fd380000)
  from space 10240K, 99% used [0x00000000fd380000,0x00000000fdd79e20,0x00000000fdd80000)
  to   space 10240K, 0% used [0x00000000ff600000,0x00000000ff600000,0x0000000100000000)
 ParOldGen       total 171008K, used 52375K [0x00000000e0000000, 0x00000000ea700000, 0x00000000f5580000)
  object space 171008K, 30% used [0x00000000e0000000,0x00000000e3325e50,0x00000000ea700000)
 Metaspace       used 22414K, capacity 22778K, committed 23040K, reserved 1069056K
  class space    used 2607K, capacity 2701K, committed 2816K, reserved 1048576K
Event: 21.990 GC heap after
Heap after GC invocations=5 (full 1):
 PSYoungGen      total 164352K, used 10223K [0x00000000f5580000, 0x0000000100000000, 0x0000000100000000)
  eden space 154112K, 0% used [0x00000000f5580000,0x00000000f5580000,0x00000000fec00000)
  from space 10240K, 99% used [0x00000000ff600000,0x00000000ffffbc40,0x0000000100000000)
  to   space 10240K, 0% used [0x00000000fec00000,0x00000000fec00000,0x00000000ff600000)
 ParOldGen       total 171008K, used 53331K [0x00000000e0000000, 0x00000000ea700000, 0x00000000f5580000)
  object space 171008K, 31% used [0x00000000e0000000,0x00000000e3414c48,0x00000000ea700000)
 Metaspace       used 22414K, capacity 22778K, committed 23040K, reserved 1069056K
  class space    used 2607K, capacity 2701K, committed 2816K, reserved 1048576K
}
Event: 21.990 GC heap before
{Heap before GC invocations=6 (full 2):
 PSYoungGen      total 164352K, used 10223K [0x00000000f5580000, 0x0000000100000000, 0x0000000100000000)
  eden space 154112K, 0% used [0x00000000f5580000,0x00000000f5580000,0x00000000fec00000)
  from space 10240K, 99% used [0x00000000ff600000,0x00000000ffffbc40,0x0000000100000000)
  to   space 10240K, 0% used [0x00000000fec00000,0x00000000fec00000,0x00000000ff600000)
 ParOldGen       total 171008K, used 53331K [0x00000000e0000000, 0x00000000ea700000, 0x00000000f5580000)
  object space 171008K, 31% used [0x00000000e0000000,0x00000000e3414c48,0x00000000ea700000)
 Metaspace       used 22414K, capacity 22778K, committed 23040K, reserved 1069056K
  class space    used 2607K, capacity 2701K, committed 2816K, reserved 1048576K
Event: 22.358 GC heap after
Heap after GC invocations=6 (full 2):
 PSYoungGen      total 164352K, used 0K [0x00000000f5580000, 0x0000000100000000, 0x0000000100000000)
  eden space 154112K, 0% used [0x00000000f5580000,0x00000000f5580000,0x00000000fec00000)
  from space 10240K, 0% used [0x00000000ff600000,0x00000000ff600000,0x0000000100000000)
  to   space 10240K, 0% used [0x00000000fec00000,0x00000000fec00000,0x00000000ff600000)
 ParOldGen       total 181248K, used 53345K [0x00000000e0000000, 0x00000000eb100000, 0x00000000f5580000)
  object space 181248K, 29% used [0x00000000e0000000,0x00000000e34187f8,0x00000000eb100000)
 Metaspace       used 22414K, capacity 22778K, committed 23040K, reserved 1069056K
  class space    used 2607K, capacity 2701K, committed 2816K, reserved 1048576K
}
Event: 24.503 GC heap before
{Heap before GC invocations=7 (full 2):
 PSYoungGen      total 164352K, used 154112K [0x00000000f5580000, 0x0000000100000000, 0x0000000100000000)
  eden space 154112K, 100% used [0x00000000f5580000,0x00000000fec00000,0x00000000fec00000)
  from space 10240K, 0% used [0x00000000ff600000,0x00000000ff600000,0x0000000100000000)
  to   space 10240K, 0% used [0x00000000fec00000,0x00000000fec00000,0x00000000ff600000)
 ParOldGen       total 181248K, used 53345K [0x00000000e0000000, 0x00000000eb100000, 0x00000000f5580000)
  object space 181248K, 29% used [0x00000000e0000000,0x00000000e34187f8,0x00000000eb100000)
 Metaspace       used 25372K, capacity 25916K, committed 26112K, reserved 1073152K
  class space    used 2918K, capacity 3048K, committed 3072K, reserved 1048576K
Event: 24.589 GC heap after
Heap after GC invocations=7 (full 2):
 PSYoungGen      total 164352K, used 10224K [0x00000000f5580000, 0x0000000100000000, 0x0000000100000000)
  eden space 154112K, 0% used [0x00000000f5580000,0x00000000f5580000,0x00000000fec00000)
  from space 10240K, 99% used [0x00000000fec00000,0x00000000ff5fc090,0x00000000ff600000)
  to   space 10240K, 0% used [0x00000000ff600000,0x00000000ff600000,0x0000000100000000)
 ParOldGen       total 181248K, used 78276K [0x00000000e0000000, 0x00000000eb100000, 0x00000000f5580000)
  object space 181248K, 43% used [0x00000000e0000000,0x00000000e4c712f0,0x00000000eb100000)
 Metaspace       used 25372K, capacity 25916K, committed 26112K, reserved 1073152K
  class space    used 2918K, capacity 3048K, committed 3072K, reserved 1048576K
}

Deoptimization events (10 events):
Event: 25.425 Thread 0x00000000090b2800 Uncommon trap: reason=class_check action=maybe_recompile pc=0x000000000f8b3a10 method=com.google.gwt.dev.asm.ClassReader.accept(Lcom/google/gwt/dev/asm/ClassVisitor;[Lcom/google/gwt/dev/asm/Attribute;I)V @ 644
Event: 25.426 Thread 0x00000000090b2800 Uncommon trap: reason=bimorphic action=maybe_recompile pc=0x000000000f8b22e4 method=com.google.gwt.dev.asm.ClassReader.accept(Lcom/google/gwt/dev/asm/ClassVisitor;[Lcom/google/gwt/dev/asm/Attribute;I)V @ 962
Event: 25.427 Thread 0x00000000090b2800 Uncommon trap: reason=class_check action=maybe_recompile pc=0x000000000f8b3a10 method=com.google.gwt.dev.asm.ClassReader.accept(Lcom/google/gwt/dev/asm/ClassVisitor;[Lcom/google/gwt/dev/asm/Attribute;I)V @ 644
Event: 25.507 Thread 0x00000000090b2800 Uncommon trap: reason=class_check action=maybe_recompile pc=0x000000000f6604ac method=java.util.regex.Pattern$Slice.match(Ljava/util/regex/Matcher;ILjava/lang/CharSequence;)Z @ 75
Event: 25.525 Thread 0x00000000090b2800 Uncommon trap: reason=class_check action=maybe_recompile pc=0x000000000f6604ac method=java.util.regex.Pattern$Slice.match(Ljava/util/regex/Matcher;ILjava/lang/CharSequence;)Z @ 75
Event: 25.532 Thread 0x00000000090b2800 Uncommon trap: reason=class_check action=maybe_recompile pc=0x000000000f6604ac method=java.util.regex.Pattern$Slice.match(Ljava/util/regex/Matcher;ILjava/lang/CharSequence;)Z @ 75
Event: 25.534 Thread 0x00000000090b2800 Uncommon trap: reason=class_check action=maybe_recompile pc=0x000000000f6604ac method=java.util.regex.Pattern$Slice.match(Ljava/util/regex/Matcher;ILjava/lang/CharSequence;)Z @ 75
Event: 25.557 Thread 0x00000000090b2800 Uncommon trap: reason=unstable_if action=reinterpret pc=0x000000000f418f4c method=com.google.gwt.dev.asm.MethodVisitor.visitIntInsn(II)V @ 4
Event: 25.607 Thread 0x00000000090b2800 Uncommon trap: reason=class_check action=maybe_recompile pc=0x000000000f6f6e7c method=com.google.gwt.dev.util.collect.HashSet.itemHashCode(Ljava/lang/Object;)I @ 9
Event: 25.629 Thread 0x00000000090b2800 Uncommon trap: reason=class_check action=maybe_recompile pc=0x000000000f6dc630 method=com.google.gwt.dev.util.collect.HashSet.itemHashCode(Ljava/lang/Object;)I @ 9

Internal exceptions (10 events):
Event: 23.095 Thread 0x00000000090a9800 Exception <a 'java/lang/NoSuchMethodError': <clinit>> (0x00000000f6e67668) thrown at [C:\workspace\8-2-build-windows-amd64-cygwin\jdk8u65\4987\hotspot\src\share\vm\prims\jni.cpp, line 1591]
Event: 23.097 Thread 0x00000000090a9800 Exception <a 'java/lang/NoSuchMethodError': <clinit>> (0x00000000f6e7a0d0) thrown at [C:\workspace\8-2-build-windows-amd64-cygwin\jdk8u65\4987\hotspot\src\share\vm\prims\jni.cpp, line 1591]
Event: 23.100 Thread 0x00000000090a9800 Exception <a 'java/lang/NoSuchMethodError': <clinit>> (0x00000000f6e8c168) thrown at [C:\workspace\8-2-build-windows-amd64-cygwin\jdk8u65\4987\hotspot\src\share\vm\prims\jni.cpp, line 1591]
Event: 23.101 Thread 0x00000000090a9800 Exception <a 'java/lang/NoSuchMethodError': <clinit>> (0x00000000f6e9af78) thrown at [C:\workspace\8-2-build-windows-amd64-cygwin\jdk8u65\4987\hotspot\src\share\vm\prims\jni.cpp, line 1591]
Event: 23.107 Thread 0x00000000090a9800 Exception <a 'java/lang/NoSuchMethodError': <clinit>> (0x00000000f6ecba78) thrown at [C:\workspace\8-2-build-windows-amd64-cygwin\jdk8u65\4987\hotspot\src\share\vm\prims\jni.cpp, line 1591]
Event: 23.111 Thread 0x00000000090a9800 Exception <a 'java/lang/NoSuchMethodError': <clinit>> (0x00000000f6edf8c0) thrown at [C:\workspace\8-2-build-windows-amd64-cygwin\jdk8u65\4987\hotspot\src\share\vm\prims\jni.cpp, line 1591]
Event: 23.112 Thread 0x00000000090a9800 Exception <a 'java/lang/NoSuchMethodError': <clinit>> (0x00000000f6eedeb0) thrown at [C:\workspace\8-2-build-windows-amd64-cygwin\jdk8u65\4987\hotspot\src\share\vm\prims\jni.cpp, line 1591]
Event: 23.115 Thread 0x00000000090a9800 Exception <a 'java/lang/NoSuchMethodError': <clinit>> (0x00000000f6f00448) thrown at [C:\workspace\8-2-build-windows-amd64-cygwin\jdk8u65\4987\hotspot\src\share\vm\prims\jni.cpp, line 1591]
Event: 23.239 Thread 0x00000000090b2800 Exception <a 'java/lang/ArrayIndexOutOfBoundsException'> (0x00000000f878c4f0) thrown at [C:\workspace\8-2-build-windows-amd64-cygwin\jdk8u65\4987\hotspot\src\share\vm\runtime\sharedRuntime.cpp, line 605]
Event: 23.365 Thread 0x0000000009109000 Exception <a 'java/lang/NoSuchMethodError': <clinit>> (0x00000000f94ced40) thrown at [C:\workspace\8-2-build-windows-amd64-cygwin\jdk8u65\4987\hotspot\src\share\vm\prims\jni.cpp, line 1591]

Events (10 events):
Event: 25.767 loading class com/google/gwt/event/shared/HandlerManager
Event: 25.767 loading class com/google/gwt/event/shared/HandlerManager done
Event: 25.795 loading class com/doagain/gwt/client/MyContact$Contact
Event: 25.795 loading class com/doagain/gwt/client/MyContact$Contact done
Event: 25.798 loading class com/google/gwt/dom/builder/shared/HtmlElementBuilderBase
Event: 25.798 loading class com/google/gwt/dom/builder/shared/HtmlElementBuilderBase done
Event: 25.805 loading class com/google/gwt/dom/builder/shared/AbstractElementBuilderBase
Event: 25.805 loading class com/google/gwt/dom/builder/shared/AbstractElementBuilderBase done
Event: 25.809 loading class com/google/gwt/dom/builder/shared/ElementBuilderBase
Event: 25.809 loading class com/google/gwt/dom/builder/shared/ElementBuilderBase done


Dynamic libraries:
0x000000013f9b0000 - 0x000000013f9e7000 	C:\Program Files\Java\jre1.8.0_65\bin\javaw.exe
0x0000000076ef0000 - 0x0000000077098000 	C:\Windows\SYSTEM32\ntdll.dll
0x0000000076cd0000 - 0x0000000076def000 	C:\Windows\system32\kernel32.dll
0x000007fefcf50000 - 0x000007fefcfbc000 	C:\Windows\system32\KERNELBASE.dll
0x000007fefe7b0000 - 0x000007fefe88b000 	C:\Windows\system32\ADVAPI32.dll
0x000007fefe3f0000 - 0x000007fefe48f000 	C:\Windows\system32\msvcrt.dll
0x000007fefe890000 - 0x000007fefe8af000 	C:\Windows\SYSTEM32\sechost.dll
0x000007fefecd0000 - 0x000007fefedfd000 	C:\Windows\system32\RPCRT4.dll
0x0000000076df0000 - 0x0000000076eea000 	C:\Windows\system32\USER32.dll
0x000007feff190000 - 0x000007feff1f7000 	C:\Windows\system32\GDI32.dll
0x000007fefe3e0000 - 0x000007fefe3ee000 	C:\Windows\system32\LPK.dll
0x000007fefd0e0000 - 0x000007fefd1a9000 	C:\Windows\system32\USP10.dll
0x000007fefbcb0000 - 0x000007fefbea4000 	C:\Windows\WinSxS\amd64_microsoft.windows.common-controls_6595b64144ccf1df_6.0.7601.18837_none_fa3b1e3d17594757\COMCTL32.dll
0x000007fefd060000 - 0x000007fefd0d1000 	C:\Windows\system32\SHLWAPI.dll
0x000007fefdfa0000 - 0x000007fefdfce000 	C:\Windows\system32\IMM32.DLL
0x000007fefe0f0000 - 0x000007fefe1f9000 	C:\Windows\system32\MSCTF.dll
0x000007fefcbc0000 - 0x000007fefcc04000 	C:\Windows\system32\nvinitx.dll
0x000000000f000000 - 0x000000000f006000 	C:\Program Files\NVIDIA Corporation\CoProcManager\_etoured.dll
0x000007fef8af0000 - 0x000007fef8b35000 	C:\Program Files\NVIDIA Corporation\CoProcManager\nvd3d9wrapx.dll
0x000007fefe200000 - 0x000007fefe3d7000 	C:\Windows\system32\SETUPAPI.dll
0x000007fefcf10000 - 0x000007fefcf46000 	C:\Windows\system32\CFGMGR32.dll
0x000007fefee00000 - 0x000007fefeed7000 	C:\Windows\system32\OLEAUT32.dll
0x000007fefeee0000 - 0x000007feff0e3000 	C:\Windows\system32\ole32.dll
0x000007fefd010000 - 0x000007fefd02a000 	C:\Windows\system32\DEVOBJ.dll
0x000007fef8ab0000 - 0x000007fef8ae7000 	C:\Program Files\NVIDIA Corporation\CoProcManager\nvdxgiwrapx.dll
0x000007fee8200000 - 0x000007fee82a6000 	C:\Program Files\McAfee\Host Intrusion Prevention\HcApi.dll
0x000000006a760000 - 0x000000006a76b000 	C:\Program Files\McAfee\Host Intrusion Prevention\HcThe.dll
0x000000005a420000 - 0x000000005a4f2000 	C:\Program Files\Java\jre1.8.0_65\bin\msvcr100.dll
0x000000005dc20000 - 0x000000005e4a9000 	C:\Program Files\Java\jre1.8.0_65\bin\server\jvm.dll
0x000007fefacb0000 - 0x000007fefacb9000 	C:\Windows\system32\WSOCK32.dll
0x000007fefe760000 - 0x000007fefe7ad000 	C:\Windows\system32\WS2_32.dll
0x000007fefeb30000 - 0x000007fefeb38000 	C:\Windows\system32\NSI.dll
0x000007fefa540000 - 0x000007fefa57b000 	C:\Windows\system32\WINMM.dll
0x000007fefb690000 - 0x000007fefb69c000 	C:\Windows\system32\VERSION.dll
0x00000000770c0000 - 0x00000000770c7000 	C:\Windows\system32\PSAPI.DLL
0x0000000070e10000 - 0x0000000070e1f000 	C:\Program Files\Java\jre1.8.0_65\bin\verify.dll
0x00000000703c0000 - 0x00000000703e9000 	C:\Program Files\Java\jre1.8.0_65\bin\java.dll
0x0000000070400000 - 0x0000000070416000 	C:\Program Files\Java\jre1.8.0_65\bin\zip.dll
0x000007fefd1b0000 - 0x000007fefdf3b000 	C:\Windows\system32\SHELL32.dll
0x000007fefccb0000 - 0x000007fefccbf000 	C:\Windows\system32\profapi.dll
0x00000000743c0000 - 0x00000000743da000 	C:\Program Files\Java\jre1.8.0_65\bin\net.dll
0x000007fefc430000 - 0x000007fefc485000 	C:\Windows\system32\mswsock.dll
0x000007fefc420000 - 0x000007fefc427000 	C:\Windows\System32\wship6.dll
0x000007fefb840000 - 0x000007fefb847000 	C:\Windows\System32\wshtcpip.dll
0x000007fefc2b0000 - 0x000007fefc30b000 	C:\Windows\system32\DNSAPI.dll
0x000007fef76d0000 - 0x000007fef76ff000 	C:\Program Files\Common Files\Microsoft Shared\Windows Live\WLIDNSP.DLL
0x000007fefba80000 - 0x000007fefbaa7000 	C:\Windows\system32\IPHLPAPI.DLL
0x000007fefba70000 - 0x000007fefba7b000 	C:\Windows\system32\WINNSI.DLL
0x000007feeda70000 - 0x000007feeda78000 	C:\Windows\system32\rasadhlp.dll
0x000007fef94d0000 - 0x000007fef9523000 	C:\Windows\System32\fwpuclnt.dll
0x000007fefc680000 - 0x000007fefc698000 	C:\Windows\system32\CRYPTSP.dll
0x000007fefc180000 - 0x000007fefc1c7000 	C:\Windows\system32\rsaenh.dll
0x000007fefd030000 - 0x000007fefd04e000 	C:\Windows\system32\USERENV.dll
0x000007fefcaf0000 - 0x000007fefcaff000 	C:\Windows\system32\CRYPTBASE.dll
0x000007fef93f0000 - 0x000007fef9408000 	C:\Windows\system32\dhcpcsvc.DLL
0x000007fef9450000 - 0x000007fef9461000 	C:\Windows\system32\dhcpcsvc6.DLL
0x00000000743a0000 - 0x00000000743b1000 	C:\Program Files\Java\jre1.8.0_65\bin\nio.dll
0x0000000077880000 - 0x0000000077a18000 	C:\Program Files\Java\jre1.8.0_65\bin\awt.dll
0x0000000070390000 - 0x00000000703b4000 	C:\Program Files\Java\jre1.8.0_65\bin\sunec.dll
0x0000000070380000 - 0x000000007038b000 	C:\Program Files\Java\jre1.8.0_65\bin\sunmscapi.dll
0x000007fefccd0000 - 0x000007fefce3d000 	C:\Windows\system32\CRYPT32.dll
0x000007fefcca0000 - 0x000007fefccaf000 	C:\Windows\system32\MSASN1.dll
0x000007fefb940000 - 0x000007fefba65000 	C:\Windows\system32\dbghelp.dll

VM Arguments:
jvm_args: -Xmx512m -Dfile.encoding=Cp1252 
java_command: com.google.gwt.dev.DevMode -remoteUI 55020:26996945405995 -startupUrl DoAgain.html -logLevel INFO -codeServerPort auto -port auto -war C:\Users\smital\workspace\DoAgain\war com.doagain.gwt.DoAgain
java_class_path (initial): C:\Users\smital\workspace\DoAgain\src;C:\Users\smital\workspace\DoAgain\war\WEB-INF\classes;C:\Users\smital\AppData\Local\Temp\Rar$EXa0.994\eclipse\plugins\com.google.gwt.eclipse.sdkbundle_2.6.0\gwt-2.6.0\gwt-user.jar;C:\Users\smital\AppData\Local\Temp\Rar$EXa0.994\eclipse\plugins\com.google.gwt.eclipse.sdkbundle_2.6.0\gwt-2.6.0\gwt-codeserver.jar;C:\Users\smital\AppData\Local\Temp\Rar$EXa0.994\eclipse\plugins\com.google.gwt.eclipse.sdkbundle_2.6.0\gwt-2.6.0\gwt-dev.jar;C:\Users\smital\AppData\Local\Temp\Rar$EXa0.994\eclipse\plugins\com.google.gwt.eclipse.sdkbundle_2.6.0\gwt-2.6.0\validation-api-1.0.0.GA-sources.jar;C:\Users\smital\AppData\Local\Temp\Rar$EXa0.994\eclipse\plugins\com.google.gwt.eclipse.sdkbundle_2.6.0\gwt-2.6.0\validation-api-1.0.0.GA.jar
Launcher Type: SUN_STANDARD

Environment Variables:
PATH=C:/Program Files/Java/jre1.8.0_65/bin/server;C:/Program Files/Java/jre1.8.0_65/bin;C:/Program Files/Java/jre1.8.0_65/lib/amd64;C:\ProgramData\Oracle\Java\javapath;C:\Program Files\Common Files\Microsoft Shared\Windows Live;C:\Program Files (x86)\Common Files\Microsoft Shared\Windows Live;C:\Windows\SYSTEM32;C:\Windows;C:\Windows\SYSTEM32\WBEM;C:\Windows\SYSTEM32\WINDOWSPOWERSHELL\V1.0\;C:\PROGRAM FILES (X86)\SSH COMMUNICATIONS SECURITY\SSH TECTIA\SSH TECTIA AUX;C:\PROGRAM FILES (X86)\SSH COMMUNICATIONS SECURITY\SSH TECTIA\SSH TECTIA AUX\SUPPORT BINARIES;C:\PROGRAM FILES (X86)\SSH COMMUNICATIONS SECURITY\SSH TECTIA\SSH TECTIA BROKER;C:\PROGRAM FILES (X86)\SSH COMMUNICATIONS SECURITY\SSH TECTIA\SSH TECTIA CLIENT;;C:\PROGRAM FILES (X86)\PLANTRONICS\PLANTRONICSURE\;C:\Program Files\ThinkPad\Bluetooth Software\;C:\Program Files\ThinkPad\Bluetooth Software\syswow64;C:\Program Files\CREDANT\Shield v7.3\;C:\Program Files (x86)\Windows Live\Shared;C:\java\jdk\bin;C:\java\jdk\jre\bin;C:\Users\smital\AppData\Local\Temp\Rar$EXa0.994\eclipse;
USERNAME=smital
OS=Windows_NT
PROCESSOR_IDENTIFIER=Intel64 Family 6 Model 58 Stepping 9, GenuineIntel



---------------  S Y S T E M  ---------------

OS: Windows 7 , 64 bit Build 7601 (6.1.7601.18847)

CPU:total 8 (4 cores per cpu, 2 threads per core) family 6 model 58 stepping 9, cmov, cx8, fxsr, mmx, sse, sse2, sse3, ssse3, sse4.1, sse4.2, popcnt, avx, aes, clmul, erms, ht, tsc, tscinvbit, tscinv

Memory: 4k page, physical 16333612k(9358148k free), swap 29057212k(19267848k free)

vm_info: Java HotSpot(TM) 64-Bit Server VM (25.65-b01) for windows-amd64 JRE (1.8.0_65-b17), built on Oct  6 2015 16:39:20 by "java_re" with MS VC++ 10.0 (VS2010)

time: Sun Mar 13 19:40:33 2016
elapsed time: 25 seconds (0d 0h 0m 25s)

